[2021-07-21 16:56:00] ERROR [Database:289] Table 'wp_glsr_assigned_posts' already exists
[2021-07-21 16:56:02] ERROR [Database:289] Table 'wp_glsr_ratings' already exists
[2021-07-21 16:56:08] ERROR [Database:289] Can't create table `wordpress`.`wp_glsr_assigned_posts` (errno: 121 "Duplicate key on write or update")
[2021-07-21 16:56:09] ERROR [Database:289] Can't create table `wordpress`.`wp_glsr_assigned_posts` (errno: 121 "Duplicate key on write or update")
[2021-07-21 16:56:11] ERROR [Database:289] Can't create table `wordpress`.`wp_glsr_assigned_posts` (errno: 121 "Duplicate key on write or update")
[2021-07-21 16:56:11] ERROR [Database:289] Can't create table `wordpress`.`wp_glsr_assigned_posts` (errno: 121 "Duplicate key on write or update")
[2021-07-21 16:56:13] ERROR [Database:289] Can't create table `wordpress`.`wp_glsr_assigned_terms` (errno: 121 "Duplicate key on write or update")
[2021-07-21 16:56:13] ERROR [Database:289] Can't create table `wordpress`.`wp_glsr_assigned_terms` (errno: 121 "Duplicate key on write or update")
[2021-07-21 16:56:14] ERROR [Database:289] Can't create table `wordpress`.`wp_glsr_assigned_terms` (errno: 121 "Duplicate key on write or update")
[2021-07-21 16:56:15] ERROR [Database:289] Can't create table `wordpress`.`wp_glsr_assigned_terms` (errno: 121 "Duplicate key on write or update")
[2021-07-21 16:56:16] ERROR [Database:289] Can't create table `wordpress`.`wp_glsr_assigned_users` (errno: 121 "Duplicate key on write or update")
[2021-07-21 16:56:17] ERROR [Database:289] Can't create table `wordpress`.`wp_glsr_assigned_users` (errno: 121 "Duplicate key on write or update")
[2021-07-21 16:56:17] ERROR [Database:289] Can't create table `wordpress`.`wp_glsr_assigned_users` (errno: 121 "Duplicate key on write or update")
[2021-07-21 16:56:19] ERROR [Database:289] Can't create table `wordpress`.`wp_glsr_assigned_users` (errno: 121 "Duplicate key on write or update")
[2021-07-21 16:56:20] ERROR [Database:289] Can't create table `wordpress`.`wp_glsr_assigned_users` (errno: 121 "Duplicate key on write or update")
[2021-07-21 16:56:21] ERROR [Database:289] Can't create table `wordpress`.`wp_glsr_assigned_users` (errno: 121 "Duplicate key on write or update")
[2021-07-21 16:56:21] ERROR [Database:289] Can't create table `wordpress`.`wp_glsr_ratings` (errno: 121 "Duplicate key on write or update")
[2021-07-21 16:56:22] ERROR [Database:289] Can't create table `wordpress`.`wp_glsr_ratings` (errno: 121 "Duplicate key on write or update")
[2021-07-21 16:56:22] ERROR [Database:289] Can't create table `wordpress`.`wp_glsr_ratings` (errno: 121 "Duplicate key on write or update")
[2021-07-21 16:56:26] DEBUG [Modules\Migrate:152] [Migrate_3_0_0] has run successfully
[2021-07-21 16:56:26] DEBUG [Modules\Migrate:152] [Migrate_4_0_2] has run successfully
[2021-07-21 16:56:26] DEBUG [Modules\Migrate:152] [Migrate_4_4_0] has run successfully
[2021-07-21 16:56:26] DEBUG [Modules\Migrate:152] [Migrate_4_5_0] has run successfully
[2021-07-21 16:56:27] DEBUG [Modules\Migrate:152] [Migrate_5_0_0] has run successfully
[2021-07-21 16:56:27] DEBUG [Modules\Migrate:152] [Migrate_5_2_0] has run successfully
[2021-07-21 16:56:27] DEBUG [Modules\Migrate:152] [Migrate_5_3_0] has run successfully
[2021-07-21 16:56:27] DEBUG [Modules\Migrate:152] [Migrate_5_9_0] has run successfully
[2021-07-21 16:56:27] DEBUG [Modules\Migrate:152] [Migrate_5_10_3] has run successfully
[2021-07-21 16:56:27] DEBUG [Modules\Migrate:152] [Migrate_5_11_0] has run successfully
